#
# An unexpected error has occurred (11)
#
Stack:
/home/llamag1ama/Xilinx/2025.1/Vivado/tps/lnx64/jre21.0.1_12/lib//server/libjvm.so(+0xe4f55c) [0x7eba7e44f55c]
/home/llamag1ama/Xilinx/2025.1/Vivado/tps/lnx64/jre21.0.1_12/lib//server/libjvm.so(JVM_handle_linux_signal+0x23e) [0x7eba7e45002e]
/lib/x86_64-linux-gnu/libc.so.6(+0x42520) [0x7ebabce42520]
/home/llamag1ama/Xilinx/2025.1/Vivado/lib/lnx64.o/libxv_simbridge_kernel.so(SimBridge::CArray::empty() const+0) [0x7ebab35ab540]
/home/llamag1ama/Xilinx/2025.1/Vivado/lib/lnx64.o/libxv_simbridge_kernel.so(SimBridge::WdbEventBlock::addBlock(SimBridge::WdbIBlockManager&, unsigned int&) const+0x20) [0x7ebab35abc20]
/home/llamag1ama/Xilinx/2025.1/Vivado/lib/lnx64.o/libxv_simbridge_kernel.so(SimBridge::WdbMultipleBucketEventDatabase::getEventBlockDatabaseIterator(std::vector<SimBridge::WdbScalarBTree*, std::allocator<SimBridge::WdbScalarBTree*> > const&, std::vector<std::shared_ptr<SimBridge::WdbIEventBlockIterator>, std::allocator<std::shared_ptr<SimBridge::WdbIEventBlockIterator> > >&, std::vector<std::vector<SimBridge::WdbScalarBTree*, std::allocator<SimBridge::WdbScalarBTree*> >, std::allocator<std::vector<SimBridge::WdbScalarBTree*, std::allocator<SimBridge::WdbScalarBTree*> > > >&) const+0x5bd) [0x7ebab35c26ad]
/home/llamag1ama/Xilinx/2025.1/Vivado/lib/lnx64.o/libxv_simbridge_kernel.so(SimBridge::WdbAddressBTreeManager::scanWdbDatabaseMultiThread(std::vector<SimBridge::WdbScalarBTree*, std::allocator<SimBridge::WdbScalarBTree*> > const&, ISIM::IGuiStatus*)+0xe2) [0x7ebab35c6e82]
/home/llamag1ama/Xilinx/2025.1/Vivado/lib/lnx64.o/libxv_wavedata.so(SimBridge::DataObjMgr::createDrawingBTree(std::vector<SimBridge::IDataObj const*, std::allocator<SimBridge::IDataObj const*> > const&, ISIM::IGuiStatus*, bool)+0x36a) [0x7eba8bb8daca]
/home/llamag1ama/Xilinx/2025.1/Vivado/lib/lnx64.o/libxv_wavedata.so(SimBridge::DataReader::getTransitions(SimBridge::IDataObj const*, long long, long long, long long, SimBridge::ValueFormat const&, std::vector<SimBridge::Transition, std::allocator<SimBridge::Transition> >&) const+0x6f) [0x7eba8bbc492f]
/home/llamag1ama/Xilinx/2025.1/Vivado/lib/lnx64.o/libxv_wavedata.so(SG_Model::ModelImp::getTransitions(SimBridge::IDataObj const*, SG_Model::IDatabase*, long long, long long, long long, SimBridge::ValueFormat const&, bool, std::vector<SimBridge::Transition, std::allocator<SimBridge::Transition> >&) const+0xb7) [0x7eba8ba54657]
/home/llamag1ama/Xilinx/2025.1/Vivado/lib/lnx64.o/libxv_wavedata.so(SG_Model::Model::getTransitions(SG_Model::WVDataObject const*, long long, long long, long long, SimBridge::ValueFormat const&, bool, std::vector<SimBridge::Transition, std::allocator<SimBridge::Transition> >&) const+0x128) [0x7eba8ba55ec8]
/home/llamag1ama/Xilinx/2025.1/Vivado/lib/lnx64.o/libxv_wavedata.so(+0x3fd6f3) [0x7eba8bbfd6f3]
/home/llamag1ama/Xilinx/2025.1/Vivado/lib/lnx64.o/libxv_wavedata.so(SG_Model::WaveformRender::render(SG_Model::WVDataObject const&)+0x11f) [0x7eba8bbf9a2f]
/home/llamag1ama/Xilinx/2025.1/Vivado/lib/lnx64.o/libxv_wavedata.so(WaveViewer::WVWaveformPanel::WaveformTraverser::drawWaveform(SG_Model::WVDataObject const*, int, int)+0x394) [0x7eba8ba98c54]
/home/llamag1ama/Xilinx/2025.1/Vivado/lib/lnx64.o/libxv_wavedata.so(WaveViewer::WVWaveformPanel::WaveformTraverser::handleItemSize(WaveViewer::WVTreeWVObjectModel::ITraverseHandler::TraverseItem const&)+0x54) [0x7eba8ba98f24]
/home/llamag1ama/Xilinx/2025.1/Vivado/lib/lnx64.o/libxv_wavedata.so(WaveViewer::WVTreeWVObjectModel::traverseYRange(SG_Model::WVDataObject const*, WaveViewer::WVTreeWVObjectModel::ITraverseHandler&, int, int, int&, int&) const+0x20d) [0x7eba8baa093d]
/home/llamag1ama/Xilinx/2025.1/Vivado/lib/lnx64.o/libxv_wavedata.so(WaveViewer::WVTreeWVObjectModel::traverseYRange(SG_Model::WVDataObject const*, WaveViewer::WVTreeWVObjectModel::ITraverseHandler&, int, int, int&, int&) const+0x288) [0x7eba8baa09b8]
/home/llamag1ama/Xilinx/2025.1/Vivado/lib/lnx64.o/libxv_wavedata.so(WaveViewer::WVTreeWVObjectModel::traverseYRange(WaveViewer::WVTreeWVObjectModel::ITraverseHandler&, int, int) const+0x58) [0x7eba8baa0af8]
/home/llamag1ama/Xilinx/2025.1/Vivado/lib/lnx64.o/libxv_wavedata.so(WaveViewer::WVWaveformPanel::getGraphics(HDGDStringStream&, long&)+0x3de) [0x7eba8ba9822e]
/home/llamag1ama/Xilinx/2025.1/Vivado/lib/lnx64.o/libxv_wavedata.so(WVExecutiveImp::getGraphicsDataSize()+0x9a) [0x7eba8bb0b42a]
/home/llamag1ama/Xilinx/2025.1/Vivado/lib/lnx64.o/libxv_wavedata.so(WVExecutive::getGraphicsDataSize()+0x18) [0x7eba8bb0b8c8]
/home/llamag1ama/Xilinx/2025.1/Vivado/lib/lnx64.o/libxv_wavedata.so(Java_ui_views_waveform_waveformi_WVExecutive_1getGraphicsDataSize+0x1c) [0x7eba8bb7a59c]
[0x7eba6db883ea]
